Using pre-set license
Built from '2021.3/staging' branch; Version is '2021.3.5f1 (40eb3a945986) revision 4254522'; Using compiler version '192829333'; Build Type 'Release'
OS: 'Windows 11  (10.0.22000) 64bit Core' Language: 'ko' Physical Memory: 15716 MB
BatchMode: 1, IsHumanControllingUs: 0, StartBugReporterOnCrash: 0, Is64bit: 1, IsPro: 1

COMMAND LINE ARGUMENTS:
C:\Program Files\Unity\Hub\Editor\2021.3.5f1\Editor\Unity.exe
-adb2
-batchMode
-noUpm
-name
AssetImportWorker2
-projectPath
C:/Users/as021/OneDrive/문서/GitHub/MisanGo
-logFile
Logs/AssetImportWorker2.log
-srvPort
59125
Successfully changed project path to: C:/Users/as021/OneDrive/문서/GitHub/MisanGo
C:/Users/as021/OneDrive/문서/GitHub/MisanGo
[UnityMemory] Configuration Parameters - Can be set up in boot.config
    "memorysetup-bucket-allocator-granularity=16"
    "memorysetup-bucket-allocator-bucket-count=8"
    "memorysetup-bucket-allocator-block-size=33554432"
    "memorysetup-bucket-allocator-block-count=8"
    "memorysetup-main-allocator-block-size=16777216"
    "memorysetup-thread-allocator-block-size=16777216"
    "memorysetup-gfx-main-allocator-block-size=16777216"
    "memorysetup-gfx-thread-allocator-block-size=16777216"
    "memorysetup-cache-allocator-block-size=4194304"
    "memorysetup-typetree-allocator-block-size=2097152"
    "memorysetup-profiler-bucket-allocator-granularity=16"
    "memorysetup-profiler-bucket-allocator-bucket-count=8"
    "memorysetup-profiler-bucket-allocator-block-size=33554432"
    "memorysetup-profiler-bucket-allocator-block-count=8"
    "memorysetup-profiler-allocator-block-size=16777216"
    "memorysetup-profiler-editor-allocator-block-size=1048576"
    "memorysetup-temp-allocator-size-main=16777216"
    "memorysetup-job-temp-allocator-block-size=2097152"
    "memorysetup-job-temp-allocator-block-size-background=1048576"
    "memorysetup-job-temp-allocator-reduction-small-platforms=262144"
    "memorysetup-temp-allocator-size-background-worker=32768"
    "memorysetup-temp-allocator-size-job-worker=262144"
    "memorysetup-temp-allocator-size-preload-manager=33554432"
    "memorysetup-temp-allocator-size-nav-mesh-worker=65536"
    "memorysetup-temp-allocator-size-audio-worker=65536"
    "memorysetup-temp-allocator-size-cloud-worker=32768"
    "memorysetup-temp-allocator-size-gi-baking-worker=262144"
    "memorysetup-temp-allocator-size-gfx=262144"
Refreshing native plugins compatible for Editor in 107.90 ms, found 4 plugins.
Preloading 0 native plugins for Editor in 0.00 ms.
Initialize engine version: 2021.3.5f1 (40eb3a945986)
[Subsystems] Discovering subsystems at path C:/Program Files/Unity/Hub/Editor/2021.3.5f1/Editor/Data/Resources/UnitySubsystems
[Subsystems] Discovering subsystems at path C:/Users/as021/OneDrive/문서/GitHub/MisanGo/Assets
GfxDevice: creating device client; threaded=0; jobified=0
Direct3D:
    Version:  Direct3D 11.0 [level 11.1]
    Renderer: NVIDIA GeForce RTX 3070 Laptop GPU (ID=0x249d)
    Vendor:   NVIDIA
    VRAM:     8044 MB
    Driver:   30.0.15.1278
Initialize mono
Mono path[0] = 'C:/Program Files/Unity/Hub/Editor/2021.3.5f1/Editor/Data/Managed'
Mono path[1] = 'C:/Program Files/Unity/Hub/Editor/2021.3.5f1/Editor/Data/MonoBleedingEdge/lib/mono/unityjit-win32'
Mono config path = 'C:/Program Files/Unity/Hub/Editor/2021.3.5f1/Editor/Data/MonoBleedingEdge/etc'
Using monoOptions --debugger-agent=transport=dt_socket,embedding=1,server=y,suspend=n,address=127.0.0.1:56740
Begin MonoManager ReloadAssembly
Registering precompiled unity dll's ...
Register platform support module: C:/Program Files/Unity/Hub/Editor/2021.3.5f1/Editor/Data/PlaybackEngines/AndroidPlayer/UnityEditor.Android.Extensions.dll
Register platform support module: C:/Program Files/Unity/Hub/Editor/2021.3.5f1/Editor/Data/PlaybackEngines/WindowsStandaloneSupport/UnityEditor.WindowsStandalone.Extensions.dll
Registered in 0.005461 seconds.
Native extension for WindowsStandalone target not found
Native extension for Android target not found
Refreshing native plugins compatible for Editor in 76.99 ms, found 4 plugins.
Preloading 0 native plugins for Editor in 0.00 ms.
Mono: successfully reloaded assembly
- Completed reload, in  0.599 seconds
Domain Reload Profiling:
	ReloadAssembly (599ms)
		BeginReloadAssembly (74ms)
			ExecutionOrderSort (0ms)
			DisableScriptedObjects (0ms)
			BackupInstance (0ms)
			ReleaseScriptingObjects (0ms)
			CreateAndSetChildDomain (1ms)
		EndReloadAssembly (431ms)
			LoadAssemblies (72ms)
			RebuildTransferFunctionScriptingTraits (0ms)
			SetupTypeCache (92ms)
			ReleaseScriptCaches (0ms)
			RebuildScriptCaches (26ms)
			SetupLoadedEditorAssemblies (260ms)
				LogAssemblyErrors (0ms)
				InitializePlatformSupportModulesInManaged (46ms)
				SetLoadedEditorAssemblies (1ms)
				RefreshPlugins (77ms)
				BeforeProcessingInitializeOnLoad (1ms)
				ProcessInitializeOnLoadAttributes (88ms)
				ProcessInitializeOnLoadMethodAttributes (46ms)
				AfterProcessingInitializeOnLoad (0ms)
				EditorAssembliesLoaded (0ms)
			ExecutionOrderSort2 (0ms)
			AwakeInstancesAfterBackupRestoration (0ms)
Platform modules already initialized, skipping
Registering precompiled user dll's ...
Registered in 0.005517 seconds.
Begin MonoManager ReloadAssembly
An ADB process has shut down when we were accessing it, the following System.Threading.ThreadAbortException has been thrown: Thread was being aborted..
Symbol file LoadedFromMemory doesn't match image C:\Users\as021\OneDrive\문서\GitHub\MisanGo\Library\PackageCache\com.unity.visualscripting@1.7.8\Editor\VisualScripting.Core\Dependencies\YamlDotNet\Unity.VisualScripting.YamlDotNet.dll
Symbol file LoadedFromMemory doesn't match image C:\Users\as021\OneDrive\문서\GitHub\MisanGo\Library\PackageCache\com.unity.visualscripting@1.7.8\Editor\VisualScripting.Core\Dependencies\DotNetZip\Unity.VisualScripting.IonicZip.dll
Native extension for WindowsStandalone target not found
Native extension for Android target not found
Refreshing native plugins compatible for Editor in 78.97 ms, found 4 plugins.
Preloading 0 native plugins for Editor in 0.00 ms.
Mono: successfully reloaded assembly
- Completed reload, in  1.165 seconds
Domain Reload Profiling:
	ReloadAssembly (1166ms)
		BeginReloadAssembly (204ms)
			ExecutionOrderSort (0ms)
			DisableScriptedObjects (5ms)
			BackupInstance (0ms)
			ReleaseScriptingObjects (0ms)
			CreateAndSetChildDomain (130ms)
		EndReloadAssembly (863ms)
			LoadAssemblies (115ms)
			RebuildTransferFunctionScriptingTraits (0ms)
			SetupTypeCache (199ms)
			ReleaseScriptCaches (1ms)
			RebuildScriptCaches (51ms)
			SetupLoadedEditorAssemblies (448ms)
				LogAssemblyErrors (0ms)
				InitializePlatformSupportModulesInManaged (12ms)
				SetLoadedEditorAssemblies (0ms)
				RefreshPlugins (79ms)
				BeforeProcessingInitializeOnLoad (105ms)
				ProcessInitializeOnLoadAttributes (210ms)
				ProcessInitializeOnLoadMethodAttributes (36ms)
				AfterProcessingInitializeOnLoad (5ms)
				EditorAssembliesLoaded (0ms)
			ExecutionOrderSort2 (0ms)
			AwakeInstancesAfterBackupRestoration (4ms)
Platform modules already initialized, skipping
========================================================================
Worker process is ready to serve import requests
Launched and connected shader compiler UnityShaderCompiler.exe after 0.04 seconds
Refreshing native plugins compatible for Editor in 0.83 ms, found 4 plugins.
Preloading 0 native plugins for Editor in 0.00 ms.
Unloading 4067 Unused Serialized files (Serialized files now loaded: 0)
Unloading 44 unused Assets / (222.3 KB). Loaded Objects now: 4518.
Memory consumption went from 151.2 MB to 151.0 MB.
Total: 4.714200 ms (FindLiveObjects: 0.282700 ms CreateObjectMapping: 0.101300 ms MarkObjects: 4.141800 ms  DeleteObjects: 0.187200 ms)

AssetImportParameters requested are different than current active one (requested -> active):
  custom:video-decoder-ogg-theora: a1e56fd34408186e4bbccfd4996cb3dc -> 
  custom:container-muxer-webm: aa71ff27fc2769a1b78a27578f13a17b -> 
  custom:container-demuxer-webm: 4f35f7cbe854078d1ac9338744f61a02 -> 
  custom:video-encoder-webm-vp8: eb34c28f22e8b96e1ab97ce403110664 -> 
  custom:video-codec-MediaFoundation-h265: 746d11721c4dcdbdad8f713fa42b33f4 -> 
  custom:audio-encoder-webm-vorbis: bf7c407c2cedff20999df2af8eb42d56 -> 
  custom:framework-win-MediaFoundation: 216162199b28c13a410421893ffa2e32 -> 
  custom:container-demuxer-ogg: 62fdf1f143b41e24485cea50d1cbac27 -> 
  custom:video-decoder-webm-vp8: 9c59270c3fd7afecdb556c50c9e8de78 -> 
  custom:audio-decoder-ogg-vorbis: bf7c407c2cedff20999df2af8eb42d56 -> 
========================================================================
Received Import Request.
  Time since last request: 729.396728 seconds.
  path: Assets/Scenes
  artifactKey: Guid(131a6b21c8605f84396be9f6751fb6e3) Importer(815301076,1909f56bfc062723c751e8b465ee728b)
Start importing Assets/Scenes using Guid(131a6b21c8605f84396be9f6751fb6e3) Importer(815301076,1909f56bfc062723c751e8b465ee728b)  -> (artifact id: '4935f35005d3ccd51bf39964504ff1b7') in 0.013936 seconds 
========================================================================
Received Import Request.
  Time since last request: 4.175412 seconds.
  path: Assets/Scenes/SampleScene.unity
  artifactKey: Guid(2cda990e2423bbf4892e6590ba056729) Importer(815301076,1909f56bfc062723c751e8b465ee728b)
Start importing Assets/Scenes/SampleScene.unity using Guid(2cda990e2423bbf4892e6590ba056729) Importer(815301076,1909f56bfc062723c751e8b465ee728b)  -> (artifact id: 'ed1ec584b86adc936d786dcf072fa9c6') in 0.008454 seconds 
========================================================================
Received Import Request.
  Time since last request: 9.610624 seconds.
  path: Assets/Scenes/PlayScene.unity
  artifactKey: Guid(2cda990e2423bbf4892e6590ba056729) Importer(815301076,1909f56bfc062723c751e8b465ee728b)
Start importing Assets/Scenes/PlayScene.unity using Guid(2cda990e2423bbf4892e6590ba056729) Importer(815301076,1909f56bfc062723c751e8b465ee728b)  -> (artifact id: '95c9f843406e7557e7099beb24bd5d0a') in 0.005384 seconds 
========================================================================
Received Import Request.
  Time since last request: 12.648819 seconds.
  path: Assets/Scenes/SelectScene.unity
  artifactKey: Guid(f0970a807b6c81e449b663f513900c7f) Importer(815301076,1909f56bfc062723c751e8b465ee728b)
Start importing Assets/Scenes/SelectScene.unity using Guid(f0970a807b6c81e449b663f513900c7f) Importer(815301076,1909f56bfc062723c751e8b465ee728b)  -> (artifact id: '74c3a273d67b190edb83eb97a61697e2') in 0.006386 seconds 
========================================================================
Received Import Request.
  Time since last request: 104.064817 seconds.
  path: Assets/Img/Character/남자캐릭터
  artifactKey: Guid(9d3b06d81b20f9e4889dba9934f5f2fa) Importer(815301076,1909f56bfc062723c751e8b465ee728b)
Start importing Assets/Img/Character/남자캐릭터 using Guid(9d3b06d81b20f9e4889dba9934f5f2fa) Importer(815301076,1909f56bfc062723c751e8b465ee728b)  -> (artifact id: 'e79eb7ab043ba795878786300218f3a0') in 0.006441 seconds 
========================================================================
Received Import Request.
  Time since last request: 3.506636 seconds.
  path: Assets/Img/Character/Man
  artifactKey: Guid(9d3b06d81b20f9e4889dba9934f5f2fa) Importer(815301076,1909f56bfc062723c751e8b465ee728b)
Start importing Assets/Img/Character/Man using Guid(9d3b06d81b20f9e4889dba9934f5f2fa) Importer(815301076,1909f56bfc062723c751e8b465ee728b)  -> (artifact id: 'd5a733605cab0c1935b232aa5349c1d0') in 0.006496 seconds 
========================================================================
Received Import Request.
  Time since last request: 0.904966 seconds.
  path: Assets/Img/Character/여자캐릭터
  artifactKey: Guid(1d207cf78e311af47bb414b25ffc0289) Importer(815301076,1909f56bfc062723c751e8b465ee728b)
Start importing Assets/Img/Character/여자캐릭터 using Guid(1d207cf78e311af47bb414b25ffc0289) Importer(815301076,1909f56bfc062723c751e8b465ee728b)  -> (artifact id: '9ac4282212e9406e92b7705b4c664c07') in 0.006114 seconds 
========================================================================
Received Import Request.
  Time since last request: 4.293391 seconds.
  path: Assets/Img/Character/Girl
  artifactKey: Guid(1d207cf78e311af47bb414b25ffc0289) Importer(815301076,1909f56bfc062723c751e8b465ee728b)
Start importing Assets/Img/Character/Girl using Guid(1d207cf78e311af47bb414b25ffc0289) Importer(815301076,1909f56bfc062723c751e8b465ee728b)  -> (artifact id: '2976a453f856fb09a9912d4c09425ac3') in 0.005324 seconds 
========================================================================
Received Import Request.
  Time since last request: 1.141278 seconds.
  path: Assets/Img/Character/Man/boy_idle.png
  artifactKey: Guid(6412cd5d39cd82d44b7ad1170b6ebdbe) Importer(815301076,1909f56bfc062723c751e8b465ee728b)
Start importing Assets/Img/Character/Man/boy_idle.png using Guid(6412cd5d39cd82d44b7ad1170b6ebdbe) Importer(815301076,1909f56bfc062723c751e8b465ee728b)  -> (artifact id: '6298d3a6c84ef7f85f9d7cd559f634ce') in 0.100480 seconds 
========================================================================
Received Import Request.
  Time since last request: 0.000028 seconds.
  path: Assets/Img/Character/Man/boy_side_.png
  artifactKey: Guid(e8c810cecb8fc3a4f95165c84852bc3f) Importer(815301076,1909f56bfc062723c751e8b465ee728b)
Start importing Assets/Img/Character/Man/boy_side_.png using Guid(e8c810cecb8fc3a4f95165c84852bc3f) Importer(815301076,1909f56bfc062723c751e8b465ee728b)  -> (artifact id: '3733d30aacc1ed3fb7550650ce8a2cd2') in 0.026460 seconds 
========================================================================
Received Import Request.
  Time since last request: 0.000028 seconds.
  path: Assets/Img/Character/Man/boy_run2.png
  artifactKey: Guid(54105dd6dbffd2a498d743d57cab39d1) Importer(815301076,1909f56bfc062723c751e8b465ee728b)
Start importing Assets/Img/Character/Man/boy_run2.png using Guid(54105dd6dbffd2a498d743d57cab39d1) Importer(815301076,1909f56bfc062723c751e8b465ee728b)  -> (artifact id: 'c591fb6ee4c5499c619f5002ed129de5') in 0.036049 seconds 
========================================================================
Received Import Request.
  Time since last request: 110.632836 seconds.
  path: Assets/Img/Character/Girl/girl_idle.png
  artifactKey: Guid(ce24660fe8cdcec418f1d0b923ed7687) Importer(815301076,1909f56bfc062723c751e8b465ee728b)
Start importing Assets/Img/Character/Girl/girl_idle.png using Guid(ce24660fe8cdcec418f1d0b923ed7687) Importer(815301076,1909f56bfc062723c751e8b465ee728b)  -> (artifact id: '00d54a3da5ea9f74a348e08e3135dc38') in 0.053185 seconds 
========================================================================
Received Import Request.
  Time since last request: 0.000026 seconds.
  path: Assets/Img/Character/Girl/girl_run.png
  artifactKey: Guid(49232986d4fe7bb4d98d58d6d75d15b5) Importer(815301076,1909f56bfc062723c751e8b465ee728b)
Start importing Assets/Img/Character/Girl/girl_run.png using Guid(49232986d4fe7bb4d98d58d6d75d15b5) Importer(815301076,1909f56bfc062723c751e8b465ee728b)  -> (artifact id: '3cedb5afa15a8ed9f2a26d39a046a911') in 0.059626 seconds 
Editor requested this worker to shutdown with reason: Scaling down because of idle timeout
AssetImportWorker is now disconnected from the server
Process exiting
Exiting without the bug reporter. Application will terminate with return code 0